app/build/intermediates/manifest_merge_blame_file/release/manifest-merger-blame-release-report.txt
1<?xml version="1.0" encoding="utf-8"?>
2<manifest xmlns:android="http://schemas.android.com/apk/res/android"
3    package="com.skiplab.theselproject"
4    android:versionCode="44"
5    android:versionName="1.9.9.4" >
6
7    <uses-sdk
8        android:minSdkVersion="21"
8-->src/main/AndroidManifest.xml
9        android:targetSdkVersion="29" />
9-->src/main/AndroidManifest.xml
10
11    <uses-permission android:name="android.permission.INTERNET" />
11-->src/main/AndroidManifest.xml:5:5-67
11-->src/main/AndroidManifest.xml:5:22-64
12    <uses-permission android:name="android.permission.ACCESS_NETWORK_STATE" />
12-->src/main/AndroidManifest.xml:6:5-79
12-->src/main/AndroidManifest.xml:6:22-76
13    <uses-permission android:name="android.permission.RECORD_AUDIO" />
13-->src/main/AndroidManifest.xml:7:5-71
13-->src/main/AndroidManifest.xml:7:22-68
14    <uses-permission android:name="android.permission.READ_PHONE_STATE" />
14-->src/main/AndroidManifest.xml:8:5-75
14-->src/main/AndroidManifest.xml:8:22-72
15    <uses-permission android:name="android.permission.MODIFY_AUDIO_SETTINGS" />
15-->src/main/AndroidManifest.xml:9:5-80
15-->src/main/AndroidManifest.xml:9:22-77
16    <uses-permission android:name="android.permission.CAMERA" />
16-->src/main/AndroidManifest.xml:10:5-65
16-->src/main/AndroidManifest.xml:10:22-62
17    <uses-permission android:name="android.permission.READ_EXTERNAL_STORAGE" />
17-->src/main/AndroidManifest.xml:11:5-80
17-->src/main/AndroidManifest.xml:11:22-77
18    <uses-permission android:name="android.permission.WRITE_EXTERNAL_STORAGE" />
18-->src/main/AndroidManifest.xml:12:5-81
18-->src/main/AndroidManifest.xml:12:22-78
19    <uses-permission android:name="android.permission.RECEIVE_BOOT_COMPLETED" />
19-->src/main/AndroidManifest.xml:13:5-81
19-->src/main/AndroidManifest.xml:13:22-78
20    <uses-permission android:name="android.permission.CALL_PHONE" />
20-->src/main/AndroidManifest.xml:14:5-69
20-->src/main/AndroidManifest.xml:14:22-66
21    <uses-permission android:name="android.permission.VIBRATE" />
21-->src/main/AndroidManifest.xml:15:5-66
21-->src/main/AndroidManifest.xml:15:22-63
22    <uses-permission android:name="android.permission.WRITE_CALENDAR" />
22-->src/main/AndroidManifest.xml:16:5-73
22-->src/main/AndroidManifest.xml:16:22-70
23    <uses-permission android:name="android.permission.READ_CALENDAR" />
23-->src/main/AndroidManifest.xml:17:5-72
23-->src/main/AndroidManifest.xml:17:22-69
24    <uses-permission android:name="android.permission.WAKE_LOCK" />
24-->[com.google.firebase:firebase-measurement-connector-impl:16.0.0] AndroidManifest.xml:24:5-68
24-->[com.google.firebase:firebase-measurement-connector-impl:16.0.0] AndroidManifest.xml:24:22-65
25    <uses-permission android:name="com.google.android.finsky.permission.BIND_GET_INSTALL_REFERRER_SERVICE" /> <!-- Required by older versions of Google Play services to create IID tokens -->
25-->[com.google.firebase:firebase-analytics:16.0.0] AndroidManifest.xml:26:5-110
25-->[com.google.firebase:firebase-analytics:16.0.0] AndroidManifest.xml:26:22-107
26    <uses-permission android:name="com.google.android.c2dm.permission.RECEIVE" />
26-->[com.google.firebase:firebase-iid:16.0.0] AndroidManifest.xml:26:5-82
26-->[com.google.firebase:firebase-iid:16.0.0] AndroidManifest.xml:26:22-79
27
28    <permission
28-->[com.google.firebase:firebase-iid:16.0.0] AndroidManifest.xml:28:5-30:47
29        android:name="com.skiplab.theselproject.permission.C2D_MESSAGE"
29-->[com.google.firebase:firebase-iid:16.0.0] AndroidManifest.xml:29:9-63
30        android:protectionLevel="signature" />
30-->[com.google.firebase:firebase-iid:16.0.0] AndroidManifest.xml:30:9-44
31
32    <uses-permission android:name="com.skiplab.theselproject.permission.C2D_MESSAGE" />
32-->[com.google.firebase:firebase-iid:16.0.0] AndroidManifest.xml:32:5-79
32-->[com.google.firebase:firebase-iid:16.0.0] AndroidManifest.xml:32:22-76
33
34    <application
34-->src/main/AndroidManifest.xml:19:5-95:19
35        android:name="com.skiplab.theselproject.Utils.App"
35-->src/main/AndroidManifest.xml:20:9-34
36        android:allowBackup="true"
36-->src/main/AndroidManifest.xml:21:9-35
37        android:appComponentFactory="androidx.core.app.CoreComponentFactory"
37-->[androidx.core:core:1.5.0-alpha05] AndroidManifest.xml:24:18-86
38        android:hardwareAccelerated="false"
38-->src/main/AndroidManifest.xml:22:9-44
39        android:icon="@mipmap/ic_launcher2"
39-->src/main/AndroidManifest.xml:23:9-44
40        android:label="@string/app_name"
40-->src/main/AndroidManifest.xml:24:9-41
41        android:largeHeap="true"
41-->src/main/AndroidManifest.xml:25:9-33
42        android:supportsRtl="true"
42-->src/main/AndroidManifest.xml:26:9-35
43        android:theme="@style/AppTheme" >
43-->src/main/AndroidManifest.xml:27:9-40
44        <activity android:name="com.skiplab.theselproject.ProfileEdit" />
44-->src/main/AndroidManifest.xml:28:9-58
44-->src/main/AndroidManifest.xml:28:19-46
45        <activity android:name="com.skiplab.theselproject.Home.PhotoGalleryActivity" />
45-->src/main/AndroidManifest.xml:29:9-63
45-->src/main/AndroidManifest.xml:29:19-60
46        <activity android:name="com.skiplab.theselproject.Consultation.AppointmentChatActivity" />
46-->src/main/AndroidManifest.xml:30:9-74
46-->src/main/AndroidManifest.xml:30:19-71
47        <activity android:name="com.skiplab.theselproject.TimeDayAlreadyChosen" />
47-->src/main/AndroidManifest.xml:31:9-58
47-->src/main/AndroidManifest.xml:31:19-55
48        <activity android:name="com.skiplab.theselproject.Consultation.BookAppointment2" />
48-->src/main/AndroidManifest.xml:32:9-67
48-->src/main/AndroidManifest.xml:32:19-64
49        <activity android:name="com.skiplab.theselproject.AvailabilityEdit" />
49-->src/main/AndroidManifest.xml:33:9-54
49-->src/main/AndroidManifest.xml:33:19-51
50        <activity android:name="com.skiplab.theselproject.Home.ConsultationNotificationActivity" />
50-->src/main/AndroidManifest.xml:34:9-75
50-->src/main/AndroidManifest.xml:34:19-72
51        <activity android:name="com.skiplab.theselproject.RealtimeDbEdit" />
51-->src/main/AndroidManifest.xml:35:9-52
51-->src/main/AndroidManifest.xml:35:19-49
52        <activity android:name="com.skiplab.theselproject.AdminEdit" />
52-->src/main/AndroidManifest.xml:36:9-47
52-->src/main/AndroidManifest.xml:36:19-44
53        <activity android:name="com.skiplab.theselproject.Consultation.BookAppointment1" />
53-->src/main/AndroidManifest.xml:37:9-67
53-->src/main/AndroidManifest.xml:37:19-64
54        <activity android:name="com.skiplab.theselproject.Consultation.ChatRoomsActivity" />
54-->src/main/AndroidManifest.xml:38:9-68
54-->src/main/AndroidManifest.xml:38:19-65
55        <activity android:name="com.skiplab.theselproject.Consultation.DepositActivity" />
55-->src/main/AndroidManifest.xml:39:9-66
55-->src/main/AndroidManifest.xml:39:19-63
56        <activity android:name="com.skiplab.theselproject.Consultation.WalletActivity" />
56-->src/main/AndroidManifest.xml:40:9-65
56-->src/main/AndroidManifest.xml:40:19-62
57        <activity android:name="com.skiplab.theselproject.Consultation.InstantChatActivity" />
57-->src/main/AndroidManifest.xml:41:9-70
57-->src/main/AndroidManifest.xml:41:19-67
58        <activity android:name="com.skiplab.theselproject.Consultation.ConsultantsActivity" />
58-->src/main/AndroidManifest.xml:42:9-70
58-->src/main/AndroidManifest.xml:42:19-67
59        <activity android:name="com.skiplab.theselproject.AddPost.SelectMood" />
59-->src/main/AndroidManifest.xml:43:9-56
59-->src/main/AndroidManifest.xml:43:19-53
60        <activity android:name="com.skiplab.theselproject.Home.SelectCategory" />
60-->src/main/AndroidManifest.xml:44:9-57
60-->src/main/AndroidManifest.xml:44:19-54
61        <activity android:name="com.skiplab.theselproject.Home.VideoGallery" />
61-->src/main/AndroidManifest.xml:45:9-55
61-->src/main/AndroidManifest.xml:45:19-52
62        <activity android:name="com.skiplab.theselproject.Activity.NotificationsActivity" />
62-->src/main/AndroidManifest.xml:46:9-68
62-->src/main/AndroidManifest.xml:46:19-65
63        <activity android:name="com.skiplab.theselproject.Home.FullscreenActivity" />
63-->src/main/AndroidManifest.xml:47:9-61
63-->src/main/AndroidManifest.xml:47:19-58
64        <activity android:name="com.skiplab.theselproject.Home.EditVideoActivity" />
64-->src/main/AndroidManifest.xml:48:9-60
64-->src/main/AndroidManifest.xml:48:19-57
65        <activity android:name="com.skiplab.theselproject.Questionnaire.QuestionnaireActivity" />
65-->src/main/AndroidManifest.xml:49:9-73
65-->src/main/AndroidManifest.xml:49:19-70
66        <activity android:name="com.skiplab.theselproject.SupportActivity" />
66-->src/main/AndroidManifest.xml:50:9-53
66-->src/main/AndroidManifest.xml:50:19-50
67
68        <meta-data
68-->src/main/AndroidManifest.xml:52:9-54:70
69            android:name="com.google.android.gms.ads.APPLICATION_ID"
69-->src/main/AndroidManifest.xml:53:13-69
70            android:value="ca-app-pub-4813843298673497~9934761507" />
70-->src/main/AndroidManifest.xml:54:13-67
71        <meta-data
71-->src/main/AndroidManifest.xml:55:9-57:80
72            android:name="co.paystack.android.PublicKey"
72-->src/main/AndroidManifest.xml:56:13-57
73            android:value="pk_live_b52f8dfdae10acd0d8844ac2a135306ac4026c98" />
73-->src/main/AndroidManifest.xml:57:13-77
74
75        <activity android:name="com.skiplab.theselproject.Authentication.StaffRegisterActivity" />
75-->src/main/AndroidManifest.xml:59:9-74
75-->src/main/AndroidManifest.xml:59:19-71
76        <activity android:name="com.skiplab.theselproject.Authentication.AdminRegisterActivity" />
76-->src/main/AndroidManifest.xml:60:9-74
76-->src/main/AndroidManifest.xml:60:19-71
77        <activity android:name="com.skiplab.theselproject.TermsOfService" />
77-->src/main/AndroidManifest.xml:61:9-52
77-->src/main/AndroidManifest.xml:61:19-49
78        <activity android:name="com.skiplab.theselproject.PrivacyPolicy" />
78-->src/main/AndroidManifest.xml:62:9-51
78-->src/main/AndroidManifest.xml:62:19-48
79        <activity android:name="com.skiplab.theselproject.PostDetailActivity" />
79-->src/main/AndroidManifest.xml:63:9-56
79-->src/main/AndroidManifest.xml:63:19-53
80        <activity android:name="com.skiplab.theselproject.AddPost.CategoryActivity" />
80-->src/main/AndroidManifest.xml:64:9-62
80-->src/main/AndroidManifest.xml:64:19-59
81        <activity android:name="com.skiplab.theselproject.AddPost.NewPostActivity" />
81-->src/main/AndroidManifest.xml:65:9-61
81-->src/main/AndroidManifest.xml:65:19-58
82        <activity android:name="com.skiplab.theselproject.DashboardActivity" />
82-->src/main/AndroidManifest.xml:66:9-55
82-->src/main/AndroidManifest.xml:66:19-52
83        <activity android:name="com.skiplab.theselproject.Settings.AccountSettingsActivity" />
83-->src/main/AndroidManifest.xml:67:9-70
83-->src/main/AndroidManifest.xml:67:19-67
84        <activity android:name="com.skiplab.theselproject.Authentication.LoginActivity" />
84-->src/main/AndroidManifest.xml:68:9-66
84-->src/main/AndroidManifest.xml:68:19-63
85        <activity android:name="com.skiplab.theselproject.Authentication.RegisterActivity" />
85-->src/main/AndroidManifest.xml:69:9-69
85-->src/main/AndroidManifest.xml:69:19-66
86        <activity android:name="com.skiplab.theselproject.Main2Activity" />
86-->src/main/AndroidManifest.xml:70:9-51
86-->src/main/AndroidManifest.xml:70:19-48
87        <activity android:name="com.skiplab.theselproject.MainActivity" >
87-->src/main/AndroidManifest.xml:71:9-77:20
87-->src/main/AndroidManifest.xml:71:19-47
88            <intent-filter>
88-->src/main/AndroidManifest.xml:72:13-76:29
89                <action android:name="android.intent.action.MAIN" />
89-->src/main/AndroidManifest.xml:73:17-69
89-->src/main/AndroidManifest.xml:73:25-66
90
91                <category android:name="android.intent.category.LAUNCHER" />
91-->src/main/AndroidManifest.xml:75:17-77
91-->src/main/AndroidManifest.xml:75:27-74
92            </intent-filter>
93        </activity>
94
95        <service
95-->src/main/AndroidManifest.xml:79:9-86:19
96            android:name="com.skiplab.theselproject.notifications.MyFirebaseInstanceIdService"
96-->src/main/AndroidManifest.xml:80:13-70
97            android:enabled="true"
97-->src/main/AndroidManifest.xml:81:13-35
98            android:exported="true" >
98-->src/main/AndroidManifest.xml:82:13-36
99            <intent-filter>
99-->src/main/AndroidManifest.xml:83:13-85:29
100                <action android:name="com.google.firebase.INSTANCE_ID_SERVICE" />
100-->src/main/AndroidManifest.xml:84:17-82
100-->src/main/AndroidManifest.xml:84:25-79
101            </intent-filter>
102        </service>
103        <service
103-->src/main/AndroidManifest.xml:87:9-94:19
104            android:name="com.skiplab.theselproject.notifications.FirebaseMessaging"
104-->src/main/AndroidManifest.xml:88:13-60
105            android:enabled="true"
105-->src/main/AndroidManifest.xml:89:13-35
106            android:exported="true" >
106-->src/main/AndroidManifest.xml:90:13-36
107            <intent-filter>
107-->src/main/AndroidManifest.xml:91:13-93:29
108                <action android:name="com.google.firebase.MESSAGING_EVENT" />
108-->src/main/AndroidManifest.xml:92:17-78
108-->src/main/AndroidManifest.xml:92:25-75
109            </intent-filter>
110        </service>
111
112        <activity
112-->[com.karumi:dexter:5.0.0] AndroidManifest.xml:27:9-29:72
113            android:name="com.karumi.dexter.DexterActivity"
113-->[com.karumi:dexter:5.0.0] AndroidManifest.xml:28:13-60
114            android:theme="@style/Dexter.Internal.Theme.Transparent" />
114-->[com.karumi:dexter:5.0.0] AndroidManifest.xml:29:13-69
115        <activity
115-->[pub.devrel:easypermissions:0.4.0] AndroidManifest.xml:12:9-16:66
116            android:name="pub.devrel.easypermissions.AppSettingsDialogHolderActivity"
116-->[pub.devrel:easypermissions:0.4.0] AndroidManifest.xml:13:13-86
117            android:exported="false"
117-->[pub.devrel:easypermissions:0.4.0] AndroidManifest.xml:14:13-37
118            android:label=""
118-->[pub.devrel:easypermissions:0.4.0] AndroidManifest.xml:15:13-29
119            android:theme="@style/EasyPermissions.Transparent" />
119-->[pub.devrel:easypermissions:0.4.0] AndroidManifest.xml:16:13-63
120        <activity
120-->[co.paystack.android:paystack:3.0.9] AndroidManifest.xml:12:9-14:63
121            android:name="co.paystack.android.ui.PinActivity"
121-->[co.paystack.android:paystack:3.0.9] AndroidManifest.xml:13:13-62
122            android:theme="@style/Paystack.Dialog.PinEntry" />
122-->[co.paystack.android:paystack:3.0.9] AndroidManifest.xml:14:13-60
123        <activity
123-->[co.paystack.android:paystack:3.0.9] AndroidManifest.xml:15:9-17:63
124            android:name="co.paystack.android.ui.OtpActivity"
124-->[co.paystack.android:paystack:3.0.9] AndroidManifest.xml:16:13-62
125            android:theme="@style/Paystack.Dialog.OtpEntry" />
125-->[co.paystack.android:paystack:3.0.9] AndroidManifest.xml:17:13-60
126        <activity
126-->[co.paystack.android:paystack:3.0.9] AndroidManifest.xml:18:9-20:63
127            android:name="co.paystack.android.ui.AuthActivity"
127-->[co.paystack.android:paystack:3.0.9] AndroidManifest.xml:19:13-63
128            android:theme="@style/Paystack.Dialog.OtpEntry" />
128-->[co.paystack.android:paystack:3.0.9] AndroidManifest.xml:20:13-60
129        <activity
129-->[co.paystack.android:paystack:3.0.9] AndroidManifest.xml:21:9-23:64
130            android:name="co.paystack.android.ui.CardActivity"
130-->[co.paystack.android:paystack:3.0.9] AndroidManifest.xml:22:13-63
131            android:theme="@style/Paystack.Dialog.CardEntry" />
131-->[co.paystack.android:paystack:3.0.9] AndroidManifest.xml:23:13-61
132        <activity
132-->[com.google.firebase:firebase-auth:16.0.1] AndroidManifest.xml:23:9-29:75
133            android:name="com.google.firebase.auth.internal.FederatedSignInActivity"
133-->[com.google.firebase:firebase-auth:16.0.1] AndroidManifest.xml:24:13-85
134            android:excludeFromRecents="true"
134-->[com.google.firebase:firebase-auth:16.0.1] AndroidManifest.xml:25:13-46
135            android:exported="true"
135-->[com.google.firebase:firebase-auth:16.0.1] AndroidManifest.xml:26:13-36
136            android:launchMode="singleInstance"
136-->[com.google.firebase:firebase-auth:16.0.1] AndroidManifest.xml:27:13-48
137            android:permission="com.google.firebase.auth.api.gms.permission.LAUNCH_FEDERATED_SIGN_IN"
137-->[com.google.firebase:firebase-auth:16.0.1] AndroidManifest.xml:28:13-102
138            android:theme="@android:style/Theme.Translucent.NoTitleBar" />
138-->[com.google.firebase:firebase-auth:16.0.1] AndroidManifest.xml:29:13-72
139
140        <service android:name="com.google.firebase.components.ComponentDiscoveryService" >
140-->[com.google.firebase:firebase-auth:16.0.1] AndroidManifest.xml:31:9-35:19
140-->[com.google.firebase:firebase-auth:16.0.1] AndroidManifest.xml:31:18-89
141            <meta-data
141-->[com.google.firebase:firebase-auth:16.0.1] AndroidManifest.xml:32:13-34:85
142                android:name="com.google.firebase.components:com.google.firebase.auth.FirebaseAuthRegistrar"
142-->[com.google.firebase:firebase-auth:16.0.1] AndroidManifest.xml:33:17-109
143                android:value="com.google.firebase.components.ComponentRegistrar" />
143-->[com.google.firebase:firebase-auth:16.0.1] AndroidManifest.xml:34:17-82
144            <meta-data
144-->[com.google.firebase:firebase-measurement-connector-impl:16.0.0] AndroidManifest.xml:28:13-30:85
145                android:name="com.google.firebase.components:com.google.firebase.analytics.connector.internal.AnalyticsConnectorRegistrar"
145-->[com.google.firebase:firebase-measurement-connector-impl:16.0.0] AndroidManifest.xml:29:17-139
146                android:value="com.google.firebase.components.ComponentRegistrar" />
146-->[com.google.firebase:firebase-measurement-connector-impl:16.0.0] AndroidManifest.xml:30:17-82
147            <meta-data
147-->[com.google.firebase:firebase-iid:16.0.0] AndroidManifest.xml:36:13-38:85
148                android:name="com.google.firebase.components:com.google.firebase.iid.Registrar"
148-->[com.google.firebase:firebase-iid:16.0.0] AndroidManifest.xml:37:17-96
149                android:value="com.google.firebase.components.ComponentRegistrar" />
149-->[com.google.firebase:firebase-iid:16.0.0] AndroidManifest.xml:38:17-82
150        </service>
151        <!--
152             FirebaseMessagingService performs security checks at runtime,
153             no need for explicit permissions despite exported="true"
154        -->
155        <service
155-->[com.google.firebase:firebase-messaging:17.0.0] AndroidManifest.xml:28:9-34:19
156            android:name="com.google.firebase.messaging.FirebaseMessagingService"
156-->[com.google.firebase:firebase-messaging:17.0.0] AndroidManifest.xml:29:13-82
157            android:exported="true" >
157-->[com.google.firebase:firebase-messaging:17.0.0] AndroidManifest.xml:30:13-36
158            <intent-filter android:priority="-500" >
158-->src/main/AndroidManifest.xml:91:13-93:29
159                <action android:name="com.google.firebase.MESSAGING_EVENT" />
159-->src/main/AndroidManifest.xml:92:17-78
159-->src/main/AndroidManifest.xml:92:25-75
160            </intent-filter>
161        </service>
162
163        <receiver
163-->[com.google.firebase:firebase-analytics:16.0.0] AndroidManifest.xml:29:9-33:20
164            android:name="com.google.android.gms.measurement.AppMeasurementReceiver"
164-->[com.google.firebase:firebase-analytics:16.0.0] AndroidManifest.xml:30:13-85
165            android:enabled="true"
165-->[com.google.firebase:firebase-analytics:16.0.0] AndroidManifest.xml:31:13-35
166            android:exported="false" >
166-->[com.google.firebase:firebase-analytics:16.0.0] AndroidManifest.xml:32:13-37
167        </receiver>
168        <receiver
168-->[com.google.firebase:firebase-analytics:16.0.0] AndroidManifest.xml:34:9-42:20
169            android:name="com.google.android.gms.measurement.AppMeasurementInstallReferrerReceiver"
169-->[com.google.firebase:firebase-analytics:16.0.0] AndroidManifest.xml:35:13-100
170            android:enabled="true"
170-->[com.google.firebase:firebase-analytics:16.0.0] AndroidManifest.xml:36:13-35
171            android:exported="true"
171-->[com.google.firebase:firebase-analytics:16.0.0] AndroidManifest.xml:37:13-36
172            android:permission="android.permission.INSTALL_PACKAGES" >
172-->[com.google.firebase:firebase-analytics:16.0.0] AndroidManifest.xml:38:13-69
173            <intent-filter>
173-->[com.google.firebase:firebase-analytics:16.0.0] AndroidManifest.xml:39:13-41:29
174                <action android:name="com.android.vending.INSTALL_REFERRER" />
174-->[com.google.firebase:firebase-analytics:16.0.0] AndroidManifest.xml:40:17-79
174-->[com.google.firebase:firebase-analytics:16.0.0] AndroidManifest.xml:40:25-76
175            </intent-filter>
176        </receiver>
177
178        <service
178-->[com.google.firebase:firebase-analytics:16.0.0] AndroidManifest.xml:44:9-47:40
179            android:name="com.google.android.gms.measurement.AppMeasurementService"
179-->[com.google.firebase:firebase-analytics:16.0.0] AndroidManifest.xml:45:13-84
180            android:enabled="true"
180-->[com.google.firebase:firebase-analytics:16.0.0] AndroidManifest.xml:46:13-35
181            android:exported="false" />
181-->[com.google.firebase:firebase-analytics:16.0.0] AndroidManifest.xml:47:13-37
182        <service
182-->[com.google.firebase:firebase-analytics:16.0.0] AndroidManifest.xml:48:9-52:72
183            android:name="com.google.android.gms.measurement.AppMeasurementJobService"
183-->[com.google.firebase:firebase-analytics:16.0.0] AndroidManifest.xml:49:13-87
184            android:enabled="true"
184-->[com.google.firebase:firebase-analytics:16.0.0] AndroidManifest.xml:50:13-35
185            android:exported="false"
185-->[com.google.firebase:firebase-analytics:16.0.0] AndroidManifest.xml:51:13-37
186            android:permission="android.permission.BIND_JOB_SERVICE" />
186-->[com.google.firebase:firebase-analytics:16.0.0] AndroidManifest.xml:52:13-69
187
188        <receiver
188-->[com.google.firebase:firebase-iid:16.0.0] AndroidManifest.xml:41:9-50:20
189            android:name="com.google.firebase.iid.FirebaseInstanceIdReceiver"
189-->[com.google.firebase:firebase-iid:16.0.0] AndroidManifest.xml:42:13-78
190            android:exported="true"
190-->[com.google.firebase:firebase-iid:16.0.0] AndroidManifest.xml:43:13-36
191            android:permission="com.google.android.c2dm.permission.SEND" >
191-->[com.google.firebase:firebase-iid:16.0.0] AndroidManifest.xml:44:13-73
192            <intent-filter>
192-->[com.google.firebase:firebase-iid:16.0.0] AndroidManifest.xml:45:13-49:29
193                <action android:name="com.google.android.c2dm.intent.RECEIVE" />
193-->[com.google.firebase:firebase-iid:16.0.0] AndroidManifest.xml:46:17-81
193-->[com.google.firebase:firebase-iid:16.0.0] AndroidManifest.xml:46:25-78
194
195                <category android:name="com.skiplab.theselproject" />
195-->[com.google.firebase:firebase-iid:16.0.0] AndroidManifest.xml:48:17-61
195-->[com.google.firebase:firebase-iid:16.0.0] AndroidManifest.xml:48:27-58
196            </intent-filter>
197        </receiver>
198        <!--
199             FirebaseInstanceIdService performs security checks at runtime,
200             no need for explicit permissions despite exported="true"
201        -->
202        <service
202-->[com.google.firebase:firebase-iid:16.0.0] AndroidManifest.xml:56:9-62:19
203            android:name="com.google.firebase.iid.FirebaseInstanceIdService"
203-->[com.google.firebase:firebase-iid:16.0.0] AndroidManifest.xml:57:13-77
204            android:exported="true" >
204-->[com.google.firebase:firebase-iid:16.0.0] AndroidManifest.xml:58:13-36
205            <intent-filter android:priority="-500" >
205-->[com.google.firebase:firebase-iid:16.0.0] AndroidManifest.xml:59:13-61:29
205-->[com.google.firebase:firebase-iid:16.0.0] AndroidManifest.xml:59:28-51
206                <action android:name="com.google.firebase.INSTANCE_ID_EVENT" />
206-->[com.google.firebase:firebase-iid:16.0.0] AndroidManifest.xml:60:17-80
206-->[com.google.firebase:firebase-iid:16.0.0] AndroidManifest.xml:60:25-77
207            </intent-filter>
208        </service>
209
210        <activity
210-->[com.google.android.gms:play-services-base:15.0.1] AndroidManifest.xml:23:9-26:75
211            android:name="com.google.android.gms.common.api.GoogleApiActivity"
211-->[com.google.android.gms:play-services-base:15.0.1] AndroidManifest.xml:24:13-79
212            android:exported="false"
212-->[com.google.android.gms:play-services-base:15.0.1] AndroidManifest.xml:25:13-37
213            android:theme="@android:style/Theme.Translucent.NoTitleBar" />
213-->[com.google.android.gms:play-services-base:15.0.1] AndroidManifest.xml:26:13-72
214
215        <provider
215-->[com.google.firebase:firebase-common:16.0.0] AndroidManifest.xml:9:9-13:39
216            android:name="com.google.firebase.provider.FirebaseInitProvider"
216-->[com.google.firebase:firebase-common:16.0.0] AndroidManifest.xml:10:13-77
217            android:authorities="com.skiplab.theselproject.firebaseinitprovider"
217-->[com.google.firebase:firebase-common:16.0.0] AndroidManifest.xml:11:13-72
218            android:exported="false"
218-->[com.google.firebase:firebase-common:16.0.0] AndroidManifest.xml:12:13-37
219            android:initOrder="100" /> <!-- Include the AdActivity and InAppPurchaseActivity configChanges and themes. -->
219-->[com.google.firebase:firebase-common:16.0.0] AndroidManifest.xml:13:13-36
220        <activity
220-->[com.google.android.gms:play-services-ads-lite:15.0.1] AndroidManifest.xml:29:9-33:64
221            android:name="com.google.android.gms.ads.AdActivity"
221-->[com.google.android.gms:play-services-ads-lite:15.0.1] AndroidManifest.xml:30:13-65
222            android:configChanges="keyboard|keyboardHidden|orientation|screenLayout|uiMode|screenSize|smallestScreenSize"
222-->[com.google.android.gms:play-services-ads-lite:15.0.1] AndroidManifest.xml:31:13-122
223            android:exported="false"
223-->[com.google.android.gms:play-services-ads-lite:15.0.1] AndroidManifest.xml:32:13-37
224            android:theme="@android:style/Theme.Translucent" />
224-->[com.google.android.gms:play-services-ads-lite:15.0.1] AndroidManifest.xml:33:13-61
225
226        <meta-data
226-->[com.google.android.gms:play-services-basement:15.0.1] AndroidManifest.xml:23:9-25:69
227            android:name="com.google.android.gms.version"
227-->[com.google.android.gms:play-services-basement:15.0.1] AndroidManifest.xml:24:13-58
228            android:value="@integer/google_play_services_version" />
228-->[com.google.android.gms:play-services-basement:15.0.1] AndroidManifest.xml:25:13-66
229
230        <provider
230-->[com.iceteck.silicompressorr:silicompressor:2.2.3] AndroidManifest.xml:18:9-26:20
231            android:name="com.iceteck.silicompressorr.provider.GenericFileProvider"
231-->[com.iceteck.silicompressorr:silicompressor:2.2.3] AndroidManifest.xml:19:13-84
232            android:authorities="com.skiplab.theselproject.iceteck.silicompressor.provider"
232-->[com.iceteck.silicompressorr:silicompressor:2.2.3] AndroidManifest.xml:20:13-83
233            android:exported="false"
233-->[com.iceteck.silicompressorr:silicompressor:2.2.3] AndroidManifest.xml:21:13-37
234            android:grantUriPermissions="true" >
234-->[com.iceteck.silicompressorr:silicompressor:2.2.3] AndroidManifest.xml:22:13-47
235            <meta-data
235-->[com.iceteck.silicompressorr:silicompressor:2.2.3] AndroidManifest.xml:23:13-25:58
236                android:name="android.support.FILE_PROVIDER_PATHS"
236-->[com.iceteck.silicompressorr:silicompressor:2.2.3] AndroidManifest.xml:24:17-67
237                android:resource="@xml/provider_paths" />
237-->[com.iceteck.silicompressorr:silicompressor:2.2.3] AndroidManifest.xml:25:17-55
238        </provider>
239        <provider
239-->[androidx.lifecycle:lifecycle-process:2.2.0] AndroidManifest.xml:25:9-29:43
240            android:name="androidx.lifecycle.ProcessLifecycleOwnerInitializer"
240-->[androidx.lifecycle:lifecycle-process:2.2.0] AndroidManifest.xml:26:13-79
241            android:authorities="com.skiplab.theselproject.lifecycle-process"
241-->[androidx.lifecycle:lifecycle-process:2.2.0] AndroidManifest.xml:27:13-69
242            android:exported="false"
242-->[androidx.lifecycle:lifecycle-process:2.2.0] AndroidManifest.xml:28:13-37
243            android:multiprocess="true" />
243-->[androidx.lifecycle:lifecycle-process:2.2.0] AndroidManifest.xml:29:13-40
244    </application>
245
246</manifest>